<?xml version="1.0" encoding="UTF-8"?>
<!-- Generated by org.testng.reporters.JUnitReportReporter -->
<testsuite skipped="0" hostname="DESKTOP-6BOCCTI" name="AdminLogin.ManageMultiplewindow" tests="1" failures="0" timestamp="13 Jul 2018 01:35:07 GMT" time="8.196" errors="0">
  <testcase name="rolesVerification" time="8.196" classname="AdminLogin.ManageMultiplewindow"/>
</testsuite> <!-- AdminLogin.ManageMultiplewindow -->
