<?xml version="1.0" encoding="UTF-8"?>
<!-- Generated by org.testng.reporters.JUnitReportReporter -->
<testsuite skipped="0" hostname="DESKTOP-6BOCCTI" name="AdminLogin.UserManagementRoles" tests="1" failures="0" timestamp="24 Jun 2018 10:43:29 GMT" time="17.368" errors="0">
  <testcase name="rolesVerification" time="17.368" classname="AdminLogin.UserManagementRoles"/>
</testsuite> <!-- AdminLogin.UserManagementRoles -->
