<?xml version="1.0" encoding="UTF-8"?>
<!-- Generated by org.testng.reporters.JUnitReportReporter -->
<testsuite skipped="0" hostname="DESKTOP-6BOCCTI" name="AdminLogin.UserManagementAddUsers" tests="1" failures="0" timestamp="25 Jul 2018 03:32:55 GMT" time="0.015" errors="0">
  <testcase name="sampleTest" time="0.015" classname="AdminLogin.UserManagementAddUsers"/>
</testsuite> <!-- AdminLogin.UserManagementAddUsers -->
